Arguments: 
  C:\Users\84078\.nvm\versions\node\v16.0.0\bin\node.exe C:\Users\84078\.nvm\versions\node\v16.0.0\bin\node_modules\yarn\bin\yarn.js link

PATH: 
  C:\Users\84078\.nvm\versions\node\v16.0.0\bin;C:\Users\84078\bin;C:\Program Files\Git\mingw64\bin;C:\Program Files\Git\usr\local\bin;C:\Program Files\Git\usr\bin;C:\Program Files\Git\usr\bin;C:\Program Files\Git\mingw64\bin;C:\Program Files\Git\usr\bin;C:\Users\84078\bin;C:\WINDOWS\system32;C:\WINDOWS;C:\WINDOWS\System32\Wbem;C:\WINDOWS\System32\WindowsPowerShell\v1.0;C:\WINDOWS\System32\OpenSSH;C:\Program Files\Git\cmd;C:\Users\84078\AppData\Roaming\nvm;C:\Program Files\nodejs;C:\Program Files\Docker\Docker\resources\bin;C:\ProgramData\DockerDesktop\version-bin;C:\Users\84078\AppData\Local\Microsoft\WindowsApps;C:\Users\84078\AppData\Local\Programs\Microsoft VS Code\bin;C:\Users\84078\AppData\Roaming\npm;C:\Users\84078\AppData\Roaming\nvm;C:\Program Files\nodejs;C:\Program Files\Git\usr\bin\vendor_perl;C:\Program Files\Git\usr\bin\core_perl

Yarn version: 
  1.22.17

Node version: 
  16.0.0

Platform: 
  win32 x64

Trace: 
  Error: ENOENT: no such file or directory, stat 'C:\Users\84078\AppData\Local\Yarn\Data\link\core\bin\index.js'

npm manifest: 
  {
    "name": "core",
    "version": "0.0.0",
    "description": "> TODO: description",
    "author": "chenlei <xxxxx@163.com>",
    "homepage": "https://github.com/rmbychen/tool-cli#readme",
    "license": "ISC",
    "bin": {
      "tool-cli": "./bin/index.js"
    },
    "main": "lib/core.js",
    "directories": {
      "lib": "lib",
      "test": "__tests__"
    },
    "files": [
      "lib"
    ],
    "repository": {
      "type": "git",
      "url": "git+https://github.com/rmbychen/tool-cli.git"
    },
    "scripts": {
      "test": "echo \"Error: run tests from root\" && exit 1"
    },
    "bugs": {
      "url": "https://github.com/rmbychen/tool-cli/issues"
    }
  }

yarn manifest: 
  No manifest

Lockfile: 
  No lockfile
